Halfway building keyStores
Finished building keyStores
going!
going!
going!
going!
going!
going!
going!
going!
going!
going!
going!
going!
going!
going!
going!
going!
going!
going!
going!
going!
going!
going!
going!
going!
going!
going!
going!
going!
going!
going!
going!
going!
0
Finished level 2 round breaking keys (39m52.540578113s)
Finished level 2 round breaking keys (39m54.97694006s)
Finished level 2 round breaking keys (39m55.182638175s)
Finished level 2 round breaking keys (39m55.75917s)
Finished level 2 round breaking keys (39m55.770820401s)
Finished level 2 round breaking keys (39m56.00907676s)
Finished level 2 round breaking keys (39m58.124846868s)
Finished level 2 round breaking keys (39m58.699576292s)
Finished level 2 round breaking keys (39m59.193652009s)
Finished level 2 round breaking keys (39m59.205253267s)
Finished level 2 round breaking keys (39m59.782187177s)
Finished level 2 round breaking keys (40m0.319914484s)
Finished level 2 round breaking keys (40m0.403095461s)
Finished level 2 round breaking keys (40m0.772628817s)
Finished level 2 round breaking keys (40m1.054166793s)
Finished level 2 round breaking keys (40m2.664950171s)
Finished level 2 round breaking keys (40m3.121823567s)
Finished level 2 round breaking keys (40m2.655730706s)
Finished level 2 round breaking keys (40m3.52672976s)
Finished level 2 round breaking keys (40m3.684405569s)
Finished level 2 round breaking keys (40m4.14855195s)
Finished level 2 round breaking keys (40m4.565559493s)
Finished level 2 round breaking keys (40m4.295283516s)
Finished level 2 round breaking keys (40m4.486833s)
Finished level 2 round breaking keys (40m6.096966899s)
Finished level 2 round breaking keys (40m6.236582685s)
Finished level 2 round breaking keys (40m7.071250324s)
Finished level 2 round breaking keys (40m6.948020881s)
Finished level 2 round breaking keys (40m7.467637348s)
Finished level 2 round breaking keys (40m7.792454148s)
Finished level 2 round breaking keys (40m11.494046556s)
